20221228	23:38:45	58d2bc4a-0872-4748-ac73-16d22a613b31	GET	/	undefined
20221228	23:38:46	22a00c13-1584-41de-bfbd-c8d5f0dfb9e8	GET	/css/style.css	undefined
20221228	23:48:59	42c30267-e067-4dce-9e1b-6715e4143a3f	GET	/	undefined
20221228	23:49:00	c4982851-60bc-4786-9e0b-6cb1aeec8b7a	GET	/css/style.css	undefined
20221230	22:44:30	a9e9fb90-1b9c-436d-9ab3-a52cd24edbff	GET	/	undefined
20221230	22:44:31	e256c1ab-5ed3-4a84-9185-112a46afb77a	GET	/css/style.css	undefined
20221230	22:44:35	7d19ad2e-24b6-4eb5-875d-cfb86b12a297	GET	/favicon.ico	undefined
20221230	23:23:38	3a1ca33e-d128-4dd9-af99-120e91f2ef29	OPTIONS	/	https://www.google.com
20221230	23:23:38	66f6854a-9368-40fe-8231-29b362e67879	GET	/	https://www.google.com
20221230	23:44:54	d68b6ac8-8554-40f4-aed8-d7ec44892223	OPTIONS	/	https://www.google.com
20221230	23:44:54	402aafb9-de51-4df3-b03b-8a941cf22440	GET	/	https://www.google.com
20221231	00:07:02	8eb0066a-fc2a-442e-b1ae-dd74c864945e	OPTIONS	/	https://www.google.com
20221231	00:07:02	88bfeced-d102-4306-aab2-9c8b6d36a597	GET	/	https://www.google.com
20221231	00:07:26	251faa93-08b1-4d65-954d-37f3813301b2	OPTIONS	/	https://www.google.com
20221231	00:07:26	642c72c6-c8a2-4cbe-99b8-b6446b145518	GET	/	https://www.google.com
20230102	18:14:04	57ab416c-74fa-4206-9bf2-4360b7db975a	GET	/	undefined
20230102	18:14:05	1b160e6d-56d4-47da-bc3c-f32d49e81852	GET	/css/style.css	undefined
20230102	18:14:10	e4048ebd-2150-4bb9-a94f-1a0ae1378f8f	GET	/favicon.ico	undefined
20230102	18:17:19	d825cb96-063d-4292-bd00-601e309a2bb2	GET	/users	undefined
20230102	18:22:21	02960912-408a-4713-a89e-f5a7b96cac07	GET	/users	undefined
20230102	18:34:03	9ab1a93a-d91e-4d67-8ebc-b746ecf40d85	POST	/users	undefined
20230102	18:35:44	73c84c86-d971-4a3a-ac6e-bc3b606d6c97	POST	/users	undefined
20230102	18:37:05	2d251e83-8c62-4dad-91ef-212259fc3328	POST	/users	undefined
20230102	18:38:28	a0ef4c46-f1b8-450c-a573-0615b8f1f925	POST	/users	undefined
20230102	18:40:17	fe1a761e-8b68-4e2a-bf12-88e6be8caab6	POST	/users	undefined
20230102	18:49:14	798bae04-e111-4ea0-b393-281c8c991cc4	POST	/users	undefined
20230102	18:50:24	64b99f7f-e9b1-42a6-9eb4-60239553ae20	POST	/users	undefined
20230102	18:52:19	00e82aaf-c91f-4b8a-9c30-b66a9f28ccfe	POST	/users	undefined
20230102	18:53:50	ca07b4a8-4e95-4a78-b72f-2b34fd90611a	POST	/users	undefined
20230102	18:54:12	bb0112e5-7d30-49a3-9136-80d9dff7a656	POST	/users	undefined
20230102	18:54:34	56fb6e71-c021-4406-8db6-690b4c1813b8	POST	/users	undefined
20230102	18:55:31	b5d598e0-4c31-4414-aab5-49c5fa6e4ecf	POST	/users	undefined
20230102	18:55:38	ccf7bfb0-1a70-4635-b20e-eaeed1521dc2	POST	/users	undefined
20230102	19:00:01	4991153e-a57a-4a86-a4ee-0295312bbbdd	POST	/users	undefined
20230102	19:02:14	b1264859-cae2-421c-8ef3-87c26ba6f575	POST	/users	undefined
20230102	19:02:16	f4213877-f0c5-4b86-9d7a-71e18c512f52	POST	/users	undefined
20230102	19:02:17	fec0f771-5754-4f19-93d8-0841bd01a16c	POST	/users	undefined
20230102	19:04:23	fcd6ad2c-54b4-4dfe-9c6c-4719a21af3da	POST	/users	undefined
20230102	19:05:43	6aa60346-4111-4b51-8025-efff5d9f67eb	POST	/users	undefined
20230102	19:06:35	ccbc2e4a-edd9-498a-a1dc-daf2f0c85672	POST	/users	undefined
20230102	19:12:48	2253891c-5362-4b39-80ac-e6089449e1a1	POST	/users	undefined
20230102	19:14:38	ef937fc4-dfc1-4dbb-847d-7f45203a06ae	POST	/users	undefined
20230102	19:19:30	f42681ba-f8e8-4d98-893c-b48344d7806f	POST	/users	undefined
20230102	19:20:10	0327167d-282d-4ae1-9f73-c3711c9255d1	POST	/users	undefined
20230102	19:22:10	cb8cb90e-843c-41ae-ad8e-526a1719277d	POST	/users	undefined
20230102	19:23:16	7df1adc2-ef8c-4aa0-a51c-24ec5a316817	POST	/users	undefined
20230102	19:29:53	a3d2329f-3682-49b4-bb26-90d6ef37e19c	POST	/users	undefined
20230102	19:32:07	4974c745-6b56-48b6-b0da-e0d43a7e3619	POST	/users	undefined
20230102	19:40:45	ae5ea6a7-6148-462e-a79f-e1a80ebeb72c	POST	/users	undefined
20230102	19:46:38	3d91a005-b16a-499a-a0fe-c3e7cec28c2e	POST	/users	undefined
20230102	19:52:24	dd4f3f31-0693-459f-8f0d-ce787e1deca2	POST	/users	undefined
20230102	19:56:58	f99703fb-2cae-4f29-9dc2-77911b6a663c	POST	/users	undefined
20230102	19:57:14	a5ca8ee4-04f3-4bc3-a6f5-4931cbe59bac	POST	/users	undefined
20230102	20:15:05	8ea0ef32-f17d-4242-b857-4e1009488bc1	POST	/users	undefined
20230102	20:16:08	590fe9a2-fded-44a2-b67f-993a0ff68f80	POST	/users	undefined
20230102	20:20:38	a04a28eb-2e9a-43f5-b6fa-f8ac7eaae251	POST	/users	undefined
20230102	20:27:54	fa6ff7c8-6ac4-4992-9680-677fa63ca1ab	POST	/users	undefined
20230102	21:17:19	9d55a40b-5ad5-4c52-9a73-4407b035d25d	POST	/users	undefined
20230102	21:18:19	2a60aa72-49fa-4e8e-b31d-2fee8ec421b4	POST	/users	undefined
20230102	21:19:16	c99309c7-087b-4f29-9ae0-cea93f49a5fe	POST	/users	undefined
20230102	21:22:13	25cd9e55-812c-4f80-9d11-4ce01e9ed5b0	POST	/users	undefined
20230102	21:24:42	37d4d748-342c-42ce-86e8-8a01d3eed9ec	POST	/users	undefined
20230102	21:26:33	b10ea0e3-7e64-43ea-98d5-87e4503956c7	POST	/users	undefined
20230102	21:33:27	cab27e0d-2fe2-40de-9af8-a0621fe62cb0	POST	/users	undefined
20230102	21:34:52	63ba36e7-065e-4f8e-ae79-26f1cde4c8a7	POST	/users	undefined
20230102	21:41:23	5f701296-5047-4c24-8bc9-1d2fc95ecaef	POST	/users	undefined
20230102	21:42:38	6214f9c3-ba64-4325-8970-d32e0e92ad31	POST	/users	undefined
20230102	21:42:42	02981947-0971-42bc-b586-8cd40d81df20	POST	/users	undefined
20230102	21:42:57	1df5dc12-698c-455b-8178-9c2dcbae8126	POST	/users	undefined
20230102	21:43:55	1c35c72e-62ad-47ac-a995-b33d57e4bf8b	POST	/users	undefined
20230102	21:44:06	b0a52ca7-0d67-408f-b5fa-9bb402f3113e	POST	/users	undefined
20230102	21:48:59	4a5506db-e272-488e-9329-89a6473fc989	POST	/users	undefined
20230102	22:06:38	5f6e88c9-8759-45fa-8628-8dc0366857a8	POST	/users	undefined
20230102	23:34:10	cccfad19-f422-471b-8fae-9b550fa74c77	POST	/users	undefined
20230102	23:34:38	907ed01a-1f6e-497c-8273-2e9e2a8a420d	POST	/users	undefined
20230102	23:35:01	bf9c458d-5564-4b68-b370-5df0435c2b89	POST	/users	undefined
20230102	23:58:41	753fc8df-6f67-4b6c-85a8-3c8a31f5cb9f	POST	/users	undefined
20230103	00:00:57	9c6eb4f7-134d-4a45-a657-f67986736939	POST	/users	undefined
20230103	00:03:54	6dc04410-bcb7-4716-af10-d250a594f9a9	POST	/users	undefined
20230103	00:03:57	f61397ac-d65b-4847-b73b-0d6f25f03845	POST	/users	undefined
20230103	00:03:59	ccf7c5b8-b85c-4d48-8624-8147eee8837f	POST	/users	undefined
20230103	00:04:01	a1098d14-5a4c-43a1-a003-46291410da94	POST	/users	undefined
20230103	00:04:02	d618976b-ee41-452f-a252-7fb9368bf2cc	POST	/users	undefined
20230103	00:04:17	69b11bd7-7103-4616-9447-29dcd35c531c	POST	/users	undefined
20230103	00:04:18	71084e11-8062-4408-affb-416e246a7368	POST	/users	undefined
20230103	00:05:17	a6837363-b274-41c7-8a24-0cd5850f7583	POST	/users	undefined
20230103	00:05:18	77268a72-52ec-4bc4-9206-cd9cd36878af	POST	/users	undefined
20230103	00:05:20	7cc239e1-93a9-4819-84e7-67e6b7c6ff49	POST	/users	undefined
20230103	00:05:21	8a2619ea-532e-4c13-ad03-d43dc5a3dd5d	POST	/users	undefined
20230103	00:05:23	84b5bf93-cee6-49bf-90c0-e711e89bf99e	POST	/users	undefined
20230103	00:30:32	c57b8439-96bf-4c62-9178-6e2e36b22370	POST	/admin	undefined
20230104	00:31:51	ccf334ba-8d4e-4734-b2b1-d3b2d276b326	POST	/admin	undefined
20230104	00:32:21	1fc693e1-85ca-44f9-8d7b-77e8592d5c28	POST	/admin	undefined
20230104	00:32:46	479f5d2b-9a2a-4d8d-8fb6-c401f478472f	POST	/admin	undefined
20230104	00:34:30	1a219d45-4238-4888-ac1c-2261034c0a3d	POST	/admin	undefined
20230104	14:11:29	e0e23ded-3f72-41d3-86a9-1e773e4e6365	GET	/admin	undefined
20230104	14:13:56	2440e6f7-f45e-419d-a035-7266d66d9a53	POST	/admin	undefined
20230104	14:14:13	66cb7597-72c5-4415-8669-7234f4c4592f	POST	/users	undefined
20230104	14:18:01	91c75b45-767b-4b59-b155-ec20405283e5	GET	/admin	undefined
20230104	14:20:20	14536646-c591-42c9-96a5-a087ee37a98f	GET	/admin	undefined
20230104	14:21:53	683716a0-4d21-4738-89d7-88443e88c971	PATCH	/admin	undefined
20230104	14:22:55	cad18f75-3f3c-4714-9a2b-6da5a14c8419	PATCH	/admin	undefined
20230104	14:23:15	b41e8ee8-d3b3-4db2-930e-9c97ee49c4dc	PATCH	/admin	undefined
20230104	14:32:34	25d41623-dc3d-4f62-9f19-4bc8e8154a35	PATCH	/admin	undefined
20230104	14:33:22	7b87ab2a-f2bb-44db-9958-6c265ef384de	GET	/admin	undefined
20230104	14:33:34	49ffa1f2-a643-4003-8966-3c48634de624	GET	/admin	undefined
20230104	14:33:40	75b6766c-bdfb-4712-b708-a2d3486ba682	GET	/admin	undefined
20230104	14:36:34	f9a7c443-c413-4cb3-addc-75645a19c2e4	GET	/admin	undefined
20230104	14:38:01	f6978cca-ce32-4ab8-8bd6-e90d0bebaa72	GET	/admin	undefined
20230104	14:38:13	e6068555-cb6a-44a3-bcd6-0a3a7f098519	PATCH	/admin	undefined
20230104	14:38:47	b5e1f650-fd33-4761-afa0-ce3669bc8a28	PATCH	/admin	undefined
20230104	14:39:40	d45a1c19-ad62-41b3-85a7-edd9ba66b4a1	PATCH	/admin	undefined
20230104	14:41:59	f4b6b77f-e9fe-49f4-8d01-af6b06fa4e93	PATCH	/admin	undefined
20230104	14:51:23	bb4484e5-a5fd-448d-9b46-fee701e1953f	PATCH	/admin	undefined
20230104	14:54:06	04165780-ec5b-4f23-952e-f156c8c87d10	PATCH	/admin	undefined
20230104	14:54:33	e2dae4f3-76b0-410d-9885-9c80bbf4714e	PATCH	/admin	undefined
20230104	14:54:38	7f8bf3d7-6224-49d1-80a0-85cedad1a862	PATCH	/admin	undefined
20230104	14:54:39	6bcb8ad0-2851-4731-958b-21a6fe2c95ba	PATCH	/admin	undefined
20230104	14:54:39	983d72dc-69df-46cd-addd-7f74f9ac5331	PATCH	/admin	undefined
20230104	14:54:40	ce54812f-2f38-4c90-a5f2-79002676121a	PATCH	/admin	undefined
20230104	14:55:36	87281b7b-e426-4c20-b6f7-09a57c154f80	PATCH	/admin	undefined
20230104	14:55:38	b1906a29-cbb0-460e-8ad5-bee95d2df147	PATCH	/admin	undefined
20230104	14:55:39	f4245c10-d08e-4a27-8329-f736a3a8d0aa	PATCH	/admin	undefined
20230104	14:55:40	3ec15d33-c5bb-4100-bfa9-22a0d5a95acb	PATCH	/admin	undefined
20230104	14:55:40	e08a370c-d8ed-4f20-8672-feca336eb861	PATCH	/admin	undefined
20230104	14:55:57	a0360953-64b2-40f9-a1d2-5196bdd2d805	PATCH	/admin	undefined
20230104	15:05:10	6e9f1a77-bad1-4139-a129-1c488547755d	PATCH	/admin	undefined
20230104	15:05:15	b343f6f5-84b1-4987-af2d-ea0c923c84ca	PATCH	/admin	undefined
20230104	15:05:17	a35c5266-0749-40cd-b40b-10803834f5bf	PATCH	/admin	undefined
20230104	15:05:18	16e3851d-5a26-4e54-9775-21d588f61cc3	PATCH	/admin	undefined
20230104	15:05:19	d23f3438-488b-4030-8654-e3f0043aed6c	PATCH	/admin	undefined
20230104	15:05:20	3fb46a31-9eac-443b-9c43-e8248dcc242c	PATCH	/admin	undefined
20230104	15:05:20	b908d92e-1b73-43a1-88ca-053049f38e68	PATCH	/admin	undefined
20230104	15:05:21	43f44b3a-f16a-41ce-af2e-147c69384b6b	PATCH	/admin	undefined
20230104	15:05:21	32b86071-5489-4316-998d-d3a3cd7596f9	PATCH	/admin	undefined
20230104	15:05:22	8885bea8-378e-4c6d-9f73-b2a0955d0634	PATCH	/admin	undefined
20230104	15:05:23	081598d4-5be2-4ef7-b04a-ced0f2b2f11f	PATCH	/admin	undefined
20230104	15:06:30	34671836-7561-44a6-b4db-45e3bf00b197	PATCH	/admin	undefined
20230104	15:06:43	6c8de0fb-1846-4ed3-9f29-8a7ee92689a2	PATCH	/admin	undefined
20230104	15:06:58	e9d4db5a-ccf4-43ef-b932-b1d56706e542	PATCH	/admin	undefined
20230104	15:09:02	d57e1917-9933-4f19-894e-9f74b598bdfb	PATCH	/admin	undefined
20230104	15:09:04	a46a1978-61ea-4427-8f30-5bfd0723f742	PATCH	/admin	undefined
20230104	15:09:05	23ce3890-d8db-4225-9a43-f650f201ac2d	PATCH	/admin	undefined
20230104	15:09:06	d41e0223-94cc-46fe-9c47-3a437d0ccc89	PATCH	/admin	undefined
20230104	15:09:07	ed0aa70e-542f-44d6-a7bb-aa91c5949d3e	PATCH	/admin	undefined
20230104	15:09:08	561e2dcd-6f2b-4168-a023-ce76a7dc417d	PATCH	/admin	undefined
20230104	15:09:08	fbca0ab3-84f7-4c3c-9d05-249915b73b3e	PATCH	/admin	undefined
20230104	15:09:09	63b3d9ce-1fb1-4542-9049-f3b0ebf24732	PATCH	/admin	undefined
20230104	15:09:09	69ec3905-ae52-412e-aa17-859ac26ba63f	PATCH	/admin	undefined
20230104	15:09:10	34a1dfa0-eb61-47a8-9e32-ae7c1c755283	PATCH	/admin	undefined
20230104	15:09:10	637e1317-aeb5-4365-b624-89c80db85007	PATCH	/admin	undefined
20230104	15:09:11	515c4a5c-a26b-499f-83a3-d3009d5700a8	PATCH	/admin	undefined
20230104	15:09:11	e2c2c210-8327-48f9-a720-440619eb5ea4	PATCH	/admin	undefined
20230104	15:09:12	68b724b1-efa0-4b8f-b442-fc777157e047	PATCH	/admin	undefined
20230104	15:09:12	aad379a7-265d-4286-b41b-0cad482ab19c	PATCH	/admin	undefined
20230104	15:10:12	163fc0f0-fffa-4f8a-bb67-df929dff5233	PATCH	/admin	undefined
20230104	15:10:45	f5fbe20a-b827-4d3d-842b-6799b25a4589	PATCH	/admin	undefined
20230104	15:11:39	7d4b439b-39fa-49e1-a48e-fa3904cd8eb3	PATCH	/admin	undefined
20230104	15:18:28	00daa6a9-c9f1-42c6-ae7d-f3a432051ac8	PATCH	/admin	undefined
20230104	15:24:03	6c29eaf3-6cd1-4d28-898b-debd14825179	PATCH	/admin	undefined
20230104	15:24:04	07cb6aa5-d113-47e4-b95b-89ef74890a9f	PATCH	/admin	undefined
20230104	15:24:05	4277e862-a02b-4d2f-9e16-4babffdf3463	PATCH	/admin	undefined
20230104	15:24:06	c4bb2110-29ea-4ae9-97b1-ade99f55ac26	PATCH	/admin	undefined
20230104	15:24:07	12999542-bfb5-42a6-b2ec-89b7ef318a83	PATCH	/admin	undefined
20230104	15:26:35	7e148a08-c86d-4d23-a01d-b902d136f89b	GET	/admin	undefined
20230104	15:27:36	acf7da20-c891-4cdd-9406-c7aa55420c81	GET	/admin	undefined
20230104	15:27:45	ad102eda-b560-41bf-af36-7d33fb5d8c06	PATCH	/admin	undefined
20230104	15:28:43	ac739c70-4329-415f-8c45-88a7c6d89712	PATCH	/admin	undefined
20230104	15:30:39	80c4fb88-b0f9-40cc-9914-173c3369bd26	PATCH	/admin	undefined
20230104	15:31:14	21c51515-30a2-417f-bb3f-d5ef5e8663d1	PATCH	/admin	undefined
20230104	15:43:13	872a9ecf-f5eb-44e5-a8d9-ff832d8bef6a	PATCH	/admin	undefined
20230104	15:43:21	81da1d9c-2c36-4341-9235-d3784fc12a86	GET	/admin	undefined
20230104	15:44:44	8b4ceca0-8680-4b9c-b4a9-2dfd35bed452	GET	/admin	undefined
20230104	15:45:02	e81411a3-f817-408a-8a7b-59e10f472627	PATCH	/admin	undefined
20230104	15:45:11	a9cc1562-90c6-4e9e-9464-f12ab68ba269	PATCH	/user	undefined
20230104	15:45:32	ffff405d-a142-44b3-8a9e-65f13e7c7e18	PATCH	/admin	undefined
20230104	15:46:32	e538e528-8085-4f48-b085-1a0a11c52b76	PATCH	/admin	undefined
20230104	15:50:14	46022dab-b273-41a7-b173-0e0e8f2c7ce2	PATCH	/admin	undefined
20230104	15:52:11	b6cdb31f-12aa-4cda-b5ad-5aab9d6b73d3	PATCH	/admin	undefined
20230104	15:52:38	3e016712-4677-423a-b656-f423b2f5c784	PATCH	/admin	undefined
20230104	15:52:41	231a22db-dec8-415f-97fd-003cce8dc34a	PATCH	/admin	undefined
20230104	15:54:11	2f545ac1-3955-4dff-9bfe-bd958f5b286e	PATCH	/admin	undefined
20230104	15:55:03	6574d5d6-81ae-40f5-885e-0cf73f1198cd	PATCH	/admin	undefined
20230104	16:30:24	71e28339-f62e-4f3b-a97e-958a52065f0a	DELETE	/admin	undefined
20230104	16:31:09	24cf49aa-55b7-496e-ba86-ef7b9767aa4c	DELETE	/admin	undefined
20230104	16:31:46	5f197872-0b98-4fe2-97e8-36c2b361a1aa	POST	/admin	undefined
20230104	16:32:03	16395ad4-dedd-45a6-b4f8-2a6a73a60e74	POST	/admin	undefined
20230104	16:33:46	d3160a3a-7e2b-4666-81a4-af529635868d	POST	/admin	undefined
20230104	16:34:06	18d24e94-5e5b-491c-a4b0-51b4c2b6aaa1	GET	/admin	undefined
20230104	16:34:15	1cf143d6-bca5-4ce9-9459-bf66f7968d08	GET	/admin	undefined
20230104	16:37:19	00cd6208-d177-4bc8-a3c5-4d7603a4b8c9	DELETE	/admin	undefined
20230104	16:37:36	f231c4ea-6c13-413d-9930-4a9f0e08b843	DELETE	/admin	undefined
20230104	16:37:44	80e94770-28c9-4755-ad2b-79ea2cc9ddd5	DELETE	/admin	undefined
20230104	16:38:30	64b8b63d-7438-4a03-9ce9-e077b3eedf03	POST	/admin	undefined
20230125	22:20:11	e62da0d7-3854-44f1-9d0d-747150b999e5	GET	/users	http://localhost:3001
20230125	22:20:31	2282980b-5867-4e30-af2d-1abcfe5962f3	GET	/users	http://localhost:3001
20230125	22:21:33	40d724fa-c86f-47af-bd3d-b3f781b71e19	GET	/users	http://localhost:3001
20230125	22:22:34	d9c06f32-9290-4a30-af59-fa6f63167075	GET	/users	http://localhost:3001
20230125	22:23:34	2d43f1a0-5426-4684-b1e8-bd92b3515bd1	GET	/users	http://localhost:3001
20230125	22:24:35	7e43a811-6348-433e-abf5-f352fc627b60	GET	/users	http://localhost:3001
20230125	22:25:36	06d3c8c9-9c57-433f-be9d-227ee24967ef	GET	/users	http://localhost:3001
20230125	22:26:37	3a9da7ff-4532-4a37-a3e1-e4b94c655ac2	GET	/users	http://localhost:3001
20230125	22:27:37	d8b36ab7-0f14-43db-ba7f-91074221cf0a	GET	/users	http://localhost:3001
20230125	22:28:38	23905628-7398-4b9b-a116-fb57c02984ed	GET	/users	http://localhost:3001
20230125	22:29:39	a712df7f-25bc-46e6-9594-b03222b27a52	GET	/users	http://localhost:3001
20230125	22:30:40	9a6d94ed-c4b7-4681-9208-d8cfadfca814	GET	/users	http://localhost:3001
20230125	22:35:30	50e2630c-5e5b-4e02-a200-0cb52a6844fa	GET	/users	http://localhost:3001
20230125	23:01:29	594acd3e-ceaf-4d2b-8ad2-ef1820d61e63	GET	/users	http://localhost:3001
20230125	23:43:05	bf49bb1d-14d9-46ef-b799-651612f6e84b	GET	/users	http://localhost:3001
20230126	00:07:40	68c12d6f-73e7-480c-abce-2092dea2cfa7	GET	/users	http://localhost:3001
20230126	00:09:25	38cdb973-3005-4994-8653-9e6cdf232a42	GET	/users	http://localhost:3001
20230126	00:10:01	6baa583e-375d-4e74-8b93-9f930618f53b	GET	/users	http://localhost:3001
20230126	00:11:41	e46378cc-f34f-49a9-9a4f-1d3591c8cd66	GET	/users	http://localhost:3001
20230126	00:12:11	448332bc-7277-43ea-9d44-3777033d11c6	GET	/users	http://localhost:3001
20230126	00:12:24	88506249-e393-4227-8638-3002906a470f	GET	/users	http://localhost:3001
20230126	00:12:32	86fb051a-2338-475e-bc3a-57bbfbeb1836	GET	/users	http://localhost:3001
20230126	00:13:35	e29e03ee-6d65-4eb6-b451-a11494e4c89c	GET	/users	http://localhost:3001
20230126	00:14:15	ff342a08-3b7b-43ec-abee-68b6dfc18c26	GET	/users	http://localhost:3001
